<?xml version="1.0" encoding="UTF-8"?>
<testsuite xmlns:xsi="http://www.w3.org/2001/XMLSchema-instance" xsi:noNamespaceSchemaLocation="https://maven.apache.org/surefire/maven-surefire-plugin/xsd/surefire-test-report-3.0.xsd" version="3.0" name="TestSuite" time="42.029" tests="4" errors="0" skipped="0" failures="2">
  <properties>
[...]
</properties>
  <testcase name="runScenario[&quot;verify text box&quot;, &quot;verify Sample Webpage for Automation Practice&quot;](1)" classname="automationpractice.runnerclass" time="5.129">
    <system-out><![CDATA[
@sanity
Scenario: verify text box                      &amp#27;[90m# src/test/resources/Automationtestingfeature/auto.feature:3&amp#27;[0m
  &amp#27;[32mGiven &amp#27;[0m&amp#27;[32muser Shouid at home page&amp#27;[0m               &amp#27;[90m# automationpractice.stepdefinationclass.user_shouid_at_home_page()&amp#27;[0m
  &amp#27;[32mWhen &amp#27;[0m&amp#27;[32muser enter name &amp#27;[0m&amp#27;[32m&amp#27;[1m"Apple"&amp#27;[0m                 &amp#27;[90m# automationpractice.stepdefinationclass.user_enter_name(java.lang.String)&amp#27;[0m
  &amp#27;[32mThen &amp#27;[0m&amp#27;[32muser cheak entername correct is &amp#27;[0m&amp#27;[32m&amp#27;[1m"Apple"&amp#27;[0m &amp#27;[90m# automationpractice.stepdefinationclass.user_cheak_entername_correct_is(java.lang.String)&amp#27;[0m
]]></system-out>
    <system-err><![CDATA[SLF4J: Failed to load class "org.slf4j.impl.StaticLoggerBinder".
SLF4J: Defaulting to no-operation (NOP) logger implementation
SLF4J: See http://www.slf4j.org/codes.html#StaticLoggerBinder for further details.
Aug 04, 2024 6:09:26 PM com.aventstack.extentreports.config.external.XmlConfigLoader createStream
SEVERE: src\test\resources\extent-config.xml
java.io.FileNotFoundException: src\test\resources\extent-config.xml (The system cannot find the file specified)
	at java.base/java.io.FileInputStream.open0(Native Method)
	at java.base/java.io.FileInputStream.open(FileInputStream.java:219)
	at java.base/java.io.FileInputStream.<init>(FileInputStream.java:157)
	at com.aventstack.extentreports.config.external.XmlConfigLoader.createStream(XmlConfigLoader.java:39)
	at com.aventstack.extentreports.config.external.XmlConfigLoader.<init>(XmlConfigLoader.java:33)
	at com.aventstack.extentreports.reporter.ExtentSparkReporter.loadXMLConfig(ExtentSparkReporter.java:94)
	at com.aventstack.extentreports.reporter.ExtentSparkReporter.loadXMLConfig(ExtentSparkReporter.java:101)
	at com.aventstack.extentreports.service.ExtentService$ExtentReportsLoader.attach(ExtentService.java:432)
	at com.aventstack.extentreports.service.ExtentService$ExtentReportsLoader.initSpark(ExtentService.java:363)
	at com.aventstack.extentreports.service.ExtentService$ExtentReportsLoader.createViaProperties(ExtentService.java:207)
	at com.aventstack.extentreports.service.ExtentService$ExtentReportsLoader.<clinit>(ExtentService.java:183)
	at com.aventstack.extentreports.service.ExtentService.getInstance(ExtentService.java:42)
	at com.aventstack.extentreports.cucumber.adapter.ExtentCucumberAdapter.<init>(ExtentCucumberAdapter.java:142)
	at java.base/jdk.internal.reflect.NativeConstructorAccessorImpl.newInstance0(Native Method)
	at java.base/jdk.internal.reflect.NativeConstructorAccessorImpl.newInstance(NativeConstructorAccessorImpl.java:62)
	at java.base/jdk.internal.reflect.DelegatingConstructorAccessorImpl.newInstance(DelegatingConstructorAccessorImpl.java:45)
	at java.base/java.lang.reflect.Constructor.newInstance(Constructor.java:490)
	at io.cucumber.core.plugin.PluginFactory.newInstance(PluginFactory.java:116)
	at io.cucumber.core.plugin.PluginFactory.instantiate(PluginFactory.java:99)
	at io.cucumber.core.plugin.PluginFactory.create(PluginFactory.java:63)
	at io.cucumber.core.plugin.Plugins.createPlugins(Plugins.java:32)
	at io.cucumber.core.plugin.Plugins.<init>(Plugins.java:25)
	at io.cucumber.testng.TestNGCucumberRunner.<init>(TestNGCucumberRunner.java:108)
	at io.cucumber.testng.AbstractTestNGCucumberTests.setUpClass(AbstractTestNGCucumberTests.java:27)
	at java.base/jdk.internal.reflect.NativeMethodAccessorImpl.invoke0(Native Method)
	at java.base/jdk.internal.reflect.NativeMethodAccessorImpl.invoke(NativeMethodAccessorImpl.java:62)
	at java.base/jdk.internal.reflect.DelegatingMethodAccessorImpl.invoke(DelegatingMethodAccessorImpl.java:43)
	at java.base/java.lang.reflect.Method.invoke(Method.java:566)
	at org.testng.internal.invokers.MethodInvocationHelper.invokeMethod(MethodInvocationHelper.java:139)
	at org.testng.internal.invokers.MethodInvocationHelper.invokeMethodConsideringTimeout(MethodInvocationHelper.java:69)
	at org.testng.internal.invokers.ConfigInvoker.invokeConfigurationMethod(ConfigInvoker.java:390)
	at org.testng.internal.invokers.ConfigInvoker.invokeConfigurations(ConfigInvoker.java:325)
	at org.testng.internal.invokers.TestMethodWorker.invokeBeforeClassMethods(TestMethodWorker.java:180)
	at org.testng.internal.invokers.TestMethodWorker.run(TestMethodWorker.java:122)
	at java.base/java.util.ArrayList.forEach(ArrayList.java:1541)
	at org.testng.TestRunner.privateRun(TestRunner.java:848)
	at org.testng.TestRunner.run(TestRunner.java:621)
	at org.testng.SuiteRunner.runTest(SuiteRunner.java:443)
	at org.testng.SuiteRunner.runSequentially(SuiteRunner.java:437)
	at org.testng.SuiteRunner.privateRun(SuiteRunner.java:397)
	at org.testng.SuiteRunner.run(SuiteRunner.java:336)
	at org.testng.SuiteRunnerWorker.runSuite(SuiteRunnerWorker.java:52)
	at org.testng.SuiteRunnerWorker.run(SuiteRunnerWorker.java:95)
	at org.testng.TestNG.runSuitesSequentially(TestNG.java:1280)
	at org.testng.TestNG.runSuitesLocally(TestNG.java:1200)
	at org.testng.TestNG.runSuites(TestNG.java:1114)
	at org.testng.TestNG.run(TestNG.java:1082)
	at org.apache.maven.surefire.testng.TestNGExecutor.run(TestNGExecutor.java:308)
	at org.apache.maven.surefire.testng.TestNGXmlTestSuite.execute(TestNGXmlTestSuite.java:71)
	at org.apache.maven.surefire.testng.TestNGProvider.invoke(TestNGProvider.java:113)
	at org.apache.maven.surefire.booter.ForkedBooter.runSuitesInProcess(ForkedBooter.java:385)
	at org.apache.maven.surefire.booter.ForkedBooter.execute(ForkedBooter.java:162)
	at org.apache.maven.surefire.booter.ForkedBooter.run(ForkedBooter.java:507)
	at org.apache.maven.surefire.booter.ForkedBooter.main(ForkedBooter.java:495)

java.lang.IllegalArgumentException: InputStream cannot be null
	at java.xml/javax.xml.parsers.DocumentBuilder.parse(DocumentBuilder.java:118)
	at com.aventstack.extentreports.config.external.XmlConfigLoader.getConfigStore(XmlConfigLoader.java:61)
	at com.aventstack.extentreports.config.external.XmlConfigLoader.apply(XmlConfigLoader.java:46)
	at com.aventstack.extentreports.reporter.ExtentSparkReporter.loadXMLConfig(ExtentSparkReporter.java:96)
	at com.aventstack.extentreports.reporter.ExtentSparkReporter.loadXMLConfig(ExtentSparkReporter.java:101)
	at com.aventstack.extentreports.service.ExtentService$ExtentReportsLoader.attach(ExtentService.java:432)
	at com.aventstack.extentreports.service.ExtentService$ExtentReportsLoader.initSpark(ExtentService.java:363)
	at com.aventstack.extentreports.service.ExtentService$ExtentReportsLoader.createViaProperties(ExtentService.java:207)
	at com.aventstack.extentreports.service.ExtentService$ExtentReportsLoader.<clinit>(ExtentService.java:183)
	at com.aventstack.extentreports.service.ExtentService.getInstance(ExtentService.java:42)
	at com.aventstack.extentreports.cucumber.adapter.ExtentCucumberAdapter.<init>(ExtentCucumberAdapter.java:142)
	at java.base/jdk.internal.reflect.NativeConstructorAccessorImpl.newInstance0(Native Method)
	at java.base/jdk.internal.reflect.NativeConstructorAccessorImpl.newInstance(NativeConstructorAccessorImpl.java:62)
	at java.base/jdk.internal.reflect.DelegatingConstructorAccessorImpl.newInstance(DelegatingConstructorAccessorImpl.java:45)
	at java.base/java.lang.reflect.Constructor.newInstance(Constructor.java:490)
	at io.cucumber.core.plugin.PluginFactory.newInstance(PluginFactory.java:116)
	at io.cucumber.core.plugin.PluginFactory.instantiate(PluginFactory.java:99)
	at io.cucumber.core.plugin.PluginFactory.create(PluginFactory.java:63)
	at io.cucumber.core.plugin.Plugins.createPlugins(Plugins.java:32)
	at io.cucumber.core.plugin.Plugins.<init>(Plugins.java:25)
	at io.cucumber.testng.TestNGCucumberRunner.<init>(TestNGCucumberRunner.java:108)
	at io.cucumber.testng.AbstractTestNGCucumberTests.setUpClass(AbstractTestNGCucumberTests.java:27)
	at java.base/jdk.internal.reflect.NativeMethodAccessorImpl.invoke0(Native Method)
	at java.base/jdk.internal.reflect.NativeMethodAccessorImpl.invoke(NativeMethodAccessorImpl.java:62)
	at java.base/jdk.internal.reflect.DelegatingMethodAccessorImpl.invoke(DelegatingMethodAccessorImpl.java:43)
	at java.base/java.lang.reflect.Method.invoke(Method.java:566)
	at org.testng.internal.invokers.MethodInvocationHelper.invokeMethod(MethodInvocationHelper.java:139)
	at org.testng.internal.invokers.MethodInvocationHelper.invokeMethodConsideringTimeout(MethodInvocationHelper.java:69)
	at org.testng.internal.invokers.ConfigInvoker.invokeConfigurationMethod(ConfigInvoker.java:390)
	at org.testng.internal.invokers.ConfigInvoker.invokeConfigurations(ConfigInvoker.java:325)
	at org.testng.internal.invokers.TestMethodWorker.invokeBeforeClassMethods(TestMethodWorker.java:180)
	at org.testng.internal.invokers.TestMethodWorker.run(TestMethodWorker.java:122)
	at java.base/java.util.ArrayList.forEach(ArrayList.java:1541)
	at org.testng.TestRunner.privateRun(TestRunner.java:848)
	at org.testng.TestRunner.run(TestRunner.java:621)
	at org.testng.SuiteRunner.runTest(SuiteRunner.java:443)
	at org.testng.SuiteRunner.runSequentially(SuiteRunner.java:437)
	at org.testng.SuiteRunner.privateRun(SuiteRunner.java:397)
	at org.testng.SuiteRunner.run(SuiteRunner.java:336)
	at org.testng.SuiteRunnerWorker.runSuite(SuiteRunnerWorker.java:52)
	at org.testng.SuiteRunnerWorker.run(SuiteRunnerWorker.java:95)
	at org.testng.TestNG.runSuitesSequentially(TestNG.java:1280)
	at org.testng.TestNG.runSuitesLocally(TestNG.java:1200)
	at org.testng.TestNG.runSuites(TestNG.java:1114)
	at org.testng.TestNG.run(TestNG.java:1082)
	at org.apache.maven.surefire.testng.TestNGExecutor.run(TestNGExecutor.java:308)
	at org.apache.maven.surefire.testng.TestNGXmlTestSuite.execute(TestNGXmlTestSuite.java:71)
	at org.apache.maven.surefire.testng.TestNGProvider.invoke(TestNGProvider.java:113)
	at org.apache.maven.surefire.booter.ForkedBooter.runSuitesInProcess(ForkedBooter.java:385)
	at org.apache.maven.surefire.booter.ForkedBooter.execute(ForkedBooter.java:162)
	at org.apache.maven.surefire.booter.ForkedBooter.run(ForkedBooter.java:507)
	at org.apache.maven.surefire.booter.ForkedBooter.main(ForkedBooter.java:495)
]]></system-err>
  </testcase>
  <testcase name="runScenario[&quot;verify Btn&quot;, &quot;verify Sample Webpage for Automation Practice&quot;](2)" classname="automationpractice.runnerclass" time="2.019">
    <system-out><![CDATA[
@functional
Scenario: verify Btn             &amp#27;[90m# src/test/resources/Automationtestingfeature/auto.feature:8&amp#27;[0m
  &amp#27;[32mGiven &amp#27;[0m&amp#27;[32muser Shouid at home page&amp#27;[0m &amp#27;[90m# automationpractice.stepdefinationclass.user_shouid_at_home_page()&amp#27;[0m
  &amp#27;[32mThen &amp#27;[0m&amp#27;[32mBtn visible or not&amp#27;[0m        &amp#27;[90m# automationpractice.stepdefinationclass.btn_visible_or_not()&amp#27;[0m
]]></system-out>
  </testcase>
  <testcase name="runScenario[&quot;verify Alert popup&quot;, &quot;verify Sample Webpage for Automation Practice&quot;](3)" classname="automationpractice.runnerclass" time="5.804">
    <failure message="no such alert&#10;  (Session info: chrome=127.0.6533.89)&#10;Build info: version: &apos;4.23.0&apos;, revision: &apos;4df0a231af&apos;&#10;System info: os.name: &apos;Windows 11&apos;, os.arch: &apos;amd64&apos;, os.version: &apos;10.0&apos;, java.version: &apos;11.0.15.1&apos;&#10;Driver info: org.openqa.selenium.chrome.ChromeDriver&#10;Command: [af66fa74f4804d4a7decb468a6c6b6e8, getAlertText {}]&#10;Capabilities {acceptInsecureCerts: false, browserName: chrome, browserVersion: 127.0.6533.89, chrome: {chromedriverVersion: 127.0.6533.88 (a2d0cb026721..., userDataDir: C:\Users\MATIND~1\AppData\L...}, fedcm:accounts: true, goog:chromeOptions: {debuggerAddress: localhost:55441}, networkConnectionEnabled: false, pageLoadStrategy: normal, platformName: windows, proxy: Proxy(), se:cdp: ws://localhost:55441/devtoo..., se:cdpVersion: 127.0.6533.89, setWindowRect: true, strictFileInteractability: false, timeouts: {implicit: 0, pageLoad: 300000, script: 30000}, unhandledPromptBehavior: dismiss and notify, webauthn:extension:credBlob: true, webauthn:extension:largeBlob: true, webauthn:extension:minPinLength: true, webauthn:extension:prf: true, webauthn:virtualAuthenticators: true}&#10;Session ID: af66fa74f4804d4a7decb468a6c6b6e8" type="org.openqa.selenium.NoAlertPresentException"><![CDATA[org.openqa.selenium.NoAlertPresentException: 
no such alert
  (Session info: chrome=127.0.6533.89)
Build info: version: '4.23.0', revision: '4df0a231af'
System info: os.name: 'Windows 11', os.arch: 'amd64', os.version: '10.0', java.version: '11.0.15.1'
Driver info: org.openqa.selenium.chrome.ChromeDriver
Command: [af66fa74f4804d4a7decb468a6c6b6e8, getAlertText {}]
Capabilities {acceptInsecureCerts: false, browserName: chrome, browserVersion: 127.0.6533.89, chrome: {chromedriverVersion: 127.0.6533.88 (a2d0cb026721..., userDataDir: C:\Users\MATIND~1\AppData\L...}, fedcm:accounts: true, goog:chromeOptions: {debuggerAddress: localhost:55441}, networkConnectionEnabled: false, pageLoadStrategy: normal, platformName: windows, proxy: Proxy(), se:cdp: ws://localhost:55441/devtoo..., se:cdpVersion: 127.0.6533.89, setWindowRect: true, strictFileInteractability: false, timeouts: {implicit: 0, pageLoad: 300000, script: 30000}, unhandledPromptBehavior: dismiss and notify, webauthn:extension:credBlob: true, webauthn:extension:largeBlob: true, webauthn:extension:minPinLength: true, webauthn:extension:prf: true, webauthn:virtualAuthenticators: true}
Session ID: af66fa74f4804d4a7decb468a6c6b6e8
	at java.base/jdk.internal.reflect.NativeConstructorAccessorImpl.newInstance0(Native Method)
	at java.base/jdk.internal.reflect.NativeConstructorAccessorImpl.newInstance(NativeConstructorAccessorImpl.java:62)
	at java.base/jdk.internal.reflect.DelegatingConstructorAccessorImpl.newInstance(DelegatingConstructorAccessorImpl.java:45)
	at java.base/java.lang.reflect.Constructor.newInstance(Constructor.java:490)
	at org.openqa.selenium.remote.ErrorCodec.decode(ErrorCodec.java:167)
	at org.openqa.selenium.remote.codec.w3c.W3CHttpResponseCodec.decode(W3CHttpResponseCodec.java:138)
	at org.openqa.selenium.remote.codec.w3c.W3CHttpResponseCodec.decode(W3CHttpResponseCodec.java:50)
	at org.openqa.selenium.remote.HttpCommandExecutor.execute(HttpCommandExecutor.java:190)
	at org.openqa.selenium.remote.service.DriverCommandExecutor.invokeExecute(DriverCommandExecutor.java:216)
	at org.openqa.selenium.remote.service.DriverCommandExecutor.execute(DriverCommandExecutor.java:174)
	at org.openqa.selenium.remote.RemoteWebDriver.execute(RemoteWebDriver.java:527)
	at org.openqa.selenium.remote.RemoteWebDriver.execute(RemoteWebDriver.java:600)
	at org.openqa.selenium.remote.RemoteWebDriver.execute(RemoteWebDriver.java:604)
	at org.openqa.selenium.remote.RemoteWebDriver$RemoteTargetLocator.alert(RemoteWebDriver.java:1172)
	at pages.pom.verifyalertpupup(pom.java:73)
	at automationpractice.stepdefinationclass.user_handle_alert_popup(stepdefinationclass.java:58)
	at ✽.user handle alert popup(file:///E:/Eclips%20new%201/codes/eclipse/AutomationPractice01/src/test/resources/Automationtestingfeature/auto.feature:15)
]]></failure>
    <system-out><![CDATA[
@regresion
Scenario: verify Alert popup     &amp#27;[90m# src/test/resources/Automationtestingfeature/auto.feature:13&amp#27;[0m
  &amp#27;[32mGiven &amp#27;[0m&amp#27;[32muser Shouid at home page&amp#27;[0m &amp#27;[90m# automationpractice.stepdefinationclass.user_shouid_at_home_page()&amp#27;[0m
  &amp#27;[31mThen &amp#27;[0m&amp#27;[31muser handle alert popup&amp#27;[0m   &amp#27;[90m# automationpractice.stepdefinationclass.user_handle_alert_popup()&amp#27;[0m
      &amp#27;[31morg.openqa.selenium.NoAlertPresentException: no such alert
  (Session info: chrome=127.0.6533.89)
Build info: version: '4.23.0', revision: '4df0a231af'
System info: os.name: 'Windows 11', os.arch: 'amd64', os.version: '10.0', java.version: '11.0.15.1'
Driver info: org.openqa.selenium.chrome.ChromeDriver
Command: [af66fa74f4804d4a7decb468a6c6b6e8, getAlertText {}]
Capabilities {acceptInsecureCerts: false, browserName: chrome, browserVersion: 127.0.6533.89, chrome: {chromedriverVersion: 127.0.6533.88 (a2d0cb026721..., userDataDir: C:\Users\MATIND~1\AppData\L...}, fedcm:accounts: true, goog:chromeOptions: {debuggerAddress: localhost:55441}, networkConnectionEnabled: false, pageLoadStrategy: normal, platformName: windows, proxy: Proxy(), se:cdp: ws://localhost:55441/devtoo..., se:cdpVersion: 127.0.6533.89, setWindowRect: true, strictFileInteractability: false, timeouts: {implicit: 0, pageLoad: 300000, script: 30000}, unhandledPromptBehavior: dismiss and notify, webauthn:extension:credBlob: true, webauthn:extension:largeBlob: true, webauthn:extension:minPinLength: true, webauthn:extension:prf: true, webauthn:virtualAuthenticators: true}
Session ID: af66fa74f4804d4a7decb468a6c6b6e8
	at java.base/jdk.internal.reflect.NativeConstructorAccessorImpl.newInstance0(Native Method)
	at java.base/jdk.internal.reflect.NativeConstructorAccessorImpl.newInstance(NativeConstructorAccessorImpl.java:62)
	at java.base/jdk.internal.reflect.DelegatingConstructorAccessorImpl.newInstance(DelegatingConstructorAccessorImpl.java:45)
	at java.base/java.lang.reflect.Constructor.newInstance(Constructor.java:490)
	at org.openqa.selenium.remote.ErrorCodec.decode(ErrorCodec.java:167)
	at org.openqa.selenium.remote.codec.w3c.W3CHttpResponseCodec.decode(W3CHttpResponseCodec.java:138)
	at org.openqa.selenium.remote.codec.w3c.W3CHttpResponseCodec.decode(W3CHttpResponseCodec.java:50)
	at org.openqa.selenium.remote.HttpCommandExecutor.execute(HttpCommandExecutor.java:190)
	at org.openqa.selenium.remote.service.DriverCommandExecutor.invokeExecute(DriverCommandExecutor.java:216)
	at org.openqa.selenium.remote.service.DriverCommandExecutor.execute(DriverCommandExecutor.java:174)
	at org.openqa.selenium.remote.RemoteWebDriver.execute(RemoteWebDriver.java:527)
	at org.openqa.selenium.remote.RemoteWebDriver.execute(RemoteWebDriver.java:600)
	at org.openqa.selenium.remote.RemoteWebDriver.execute(RemoteWebDriver.java:604)
	at org.openqa.selenium.remote.RemoteWebDriver$RemoteTargetLocator.alert(RemoteWebDriver.java:1172)
	at pages.pom.verifyalertpupup(pom.java:73)
	at automationpractice.stepdefinationclass.user_handle_alert_popup(stepdefinationclass.java:58)
	at âœ½.user handle alert popup(file:///E:/Eclips%20new%201/codes/eclipse/AutomationPractice01/src/test/resources/Automationtestingfeature/auto.feature:15)
&amp#27;[0m

    Embedding verify_Alert_popup [image/png 36565 bytes]

]]></system-out>
  </testcase>
  <testcase name="runScenario[&quot;verify text box&quot;, &quot;verify Sample Webpage for Automation Practice&quot;](4)" classname="automationpractice.runnerclass" time="19.504">
    <failure type="java.lang.NullPointerException"><![CDATA[java.lang.NullPointerException
	at utility.util.testdata(util.java:43)
	at automationpractice.stepdefinationclass.user_cheak_cheak_text(stepdefinationclass.java:81)
	at ✽.user cheak cheak text(file:///E:/Eclips%20new%201/codes/eclipse/AutomationPractice01/src/test/resources/Automationtestingfeature/auto.feature:20)
]]></failure>
    <system-out><![CDATA[
@smock
Scenario: verify text box               &amp#27;[90m# src/test/resources/Automationtestingfeature/auto.feature:17&amp#27;[0m
my
  &amp#27;[32mGiven &amp#27;[0m&amp#27;[32muser should at rahulshetty page&amp#27;[0m &amp#27;[90m# automationpractice.stepdefinationclass.user_should_at_rahulshetty_page()&amp#27;[0m
  &amp#27;[32mWhen &amp#27;[0m&amp#27;[32muser enter text &amp#27;[0m&amp#27;[32m&amp#27;[1m"kolhapur"&amp#27;[0m       &amp#27;[90m# automationpractice.stepdefinationclass.user_enter_text(java.lang.String)&amp#27;[0m
  &amp#27;[31mThen &amp#27;[0m&amp#27;[31muser cheak cheak text&amp#27;[0m            &amp#27;[90m# automationpractice.stepdefinationclass.user_cheak_cheak_text()&amp#27;[0m
      &amp#27;[31mjava.lang.NullPointerException
	at utility.util.testdata(util.java:43)
	at automationpractice.stepdefinationclass.user_cheak_cheak_text(stepdefinationclass.java:81)
	at âœ½.user cheak cheak text(file:///E:/Eclips%20new%201/codes/eclipse/AutomationPractice01/src/test/resources/Automationtestingfeature/auto.feature:20)
&amp#27;[0m

    Embedding verify_text_box [image/png 78832 bytes]

]]></system-out>
    <system-err><![CDATA[ERROR StatusLogger Log4j2 could not find a logging implementation. Please add log4j-core to the classpath. Using SimpleLogger to log to the console...
]]></system-err>
  </testcase>
</testsuite>