<?xml version="1.0" encoding="UTF-8"?>
<!-- Generated by org.testng.reporters.JUnitReportReporter -->
<testsuite hostname="LAPTOP-F0LCQNDP" failures="0" tests="1" name="automationpractice.runnerFailedclass2" time="9.493" errors="1" timestamp="2024-07-23T20:17:35 IST" skipped="0">
  <testcase classname="automationpractice.runnerFailedclass2" name="runScenario" time="9.493">
    <error message="Cannot invoke &quot;org.apache.poi.ss.usermodel.Sheet.getRow(int)&quot; because the return value of &quot;org.apache.poi.ss.usermodel.Workbook.getSheet(String)&quot; is null" type="java.lang.NullPointerException">
      <![CDATA[java.lang.NullPointerException: Cannot invoke "org.apache.poi.ss.usermodel.Sheet.getRow(int)" because the return value of "org.apache.poi.ss.usermodel.Workbook.getSheet(String)" is null
at utility.util.testdata(util.java:43)
at automationpractice.stepdefinationclass.user_enter_text(stepdefinationclass.java:73)
at ✽.user enter text(file:///E:/Eclips%20new%201/codes/eclipse/AutomationPractice01/src/test/resources/Automationtestingfeature/auto.feature:19)
]]>
    </error>
  </testcase> <!-- runScenario -->
  <system-out/>
</testsuite> <!-- automationpractice.runnerFailedclass2 -->
